// 重构日志: 006dab95
// 重构日志: 245e9293
// 重构日志: 3990fce7
// 重构日志: 1df23646
// 重构日志: 1d01fb41
// 重构日志: d875683d
// 重构日志: 59d71f38
// 重构日志: b0db3d0f
// 同步 ID: 522326b2 @ Sat Jul 18 12:35:21 UTC 2026
// 重构日志: ace08201
// 重构日志: 83d5ee13
// 重构日志: a77da6c8
// 重构日志: fa732ed3
// 重构日志: 7bef8985
// 同步 ID: 957b0026 @ Sun Jul 19 16:52:10 UTC 2026
// 重构日志: c84fa525
// 同步 ID: 0bf53d2e @ Sun Jul 19 23:01:15 UTC 2026
// 重构日志: 6be28ee8
// 同步 ID: 6458d890 @ Mon Jul 20 05:34:41 UTC 2026
// 重构日志: c5b06423
// 重构日志: 334fb47a
// 同步 ID: 5bd52550 @ Tue Jul 21 15:31:41 UTC 2026
// 同步 ID: 2cfdf882 @ Wed Jul 22 16:14:53 UTC 2026
// 同步 ID: 255331e2 @ Wed Jul 22 17:52:08 UTC 2026
// 同步 ID: 5b3d1c19 @ Thu Jul 23 08:02:29 UTC 2026
// 重构日志: 8b36c6a5
// 同步 ID: 3b303de6 @ Thu Jul 23 16:05:47 UTC 2026
// 同步 ID: d21315d9 @ Fri Jul 24 07:59:29 UTC 2026
// 同步 ID: a37f5b9a @ Fri Jul 24 11:15:52 UTC 2026
// 同步 ID: 68797585 @ Fri Jul 24 15:47:42 UTC 2026
